<?xml version="1.0" encoding="UTF-8"?>
<!-- Generated by org.testng.reporters.JUnitReportReporter -->
<testsuite skipped="0" hostname="XOR-BAN-196" name="Datepiker" tests="1" failures="0" timestamp="2020-01-13T16:21:57 IST" time="5.982" errors="0">
  <testcase name="ChooseDate" time="5.982" classname="Datepiker"/>
</testsuite> <!-- Datepiker -->
