<?xml version="1.0" encoding="UTF-8"?>
<!-- Generated by org.testng.reporters.JUnitReportReporter -->
<testsuite skipped="0" hostname="XOR-BAN-196" name="Webtable" tests="1" failures="0" timestamp="2020-01-13T15:24:15 IST" time="11.345" errors="0">
  <testcase name="webtablehandle" time="11.345" classname="Webtable"/>
</testsuite> <!-- Webtable -->
